<?xml version="1.0" encoding="UTF-8"?>
<!-- Generated by org.testng.reporters.JUnitReportReporter -->
<testsuite ignored="0" hostname="administrator-WSG37555W7-0663" failures="0" tests="4" name="RestAssured.HTTPrequestDayOne" time="4.943" errors="0" timestamp="19 Dec 2023 12:31:07 GMT" skipped="0">
  <testcase classname="RestAssured.HTTPrequestDayOne" name="getUser" time="2.873"/>
  <testcase classname="RestAssured.HTTPrequestDayOne" name="deleteUser" time="0.512"/>
  <testcase classname="RestAssured.HTTPrequestDayOne" name="updateUser" time="0.528"/>
  <testcase classname="RestAssured.HTTPrequestDayOne" name="createUser" time="1.030"/>
</testsuite> <!-- RestAssured.HTTPrequestDayOne -->
