<?xml version="1.0" encoding="UTF-8"?>
<!-- Generated by org.testng.reporters.JUnitReportReporter -->
<testsuite ignored="0" hostname="administrator-WSG37555W7-0663" failures="0" tests="1" name="Day7.Authentications" time="1.542" errors="0" timestamp="15 Dec 2023 05:41:53 GMT" skipped="0">
  <testcase classname="Day7.Authentications" name="testOAth02Authentications" time="1.542"/>
</testsuite> <!-- Day7.Authentications -->
