<?xml version="1.0" encoding="UTF-8"?>
<!-- Generated by org.testng.reporters.JUnitReportReporter -->
<testsuite ignored="0" hostname="administrator-WSG37555W7-0663" failures="0" tests="1" name="RestAssured.CookiesAndHeaders" time="1.452" errors="0" timestamp="13 Dec 2023 09:59:26 GMT" skipped="0">
  <testcase classname="RestAssured.CookiesAndHeaders" name="getcookiesInfo" time="1.452"/>
</testsuite> <!-- RestAssured.CookiesAndHeaders -->
