<?xml version="1.0" encoding="UTF-8"?>
<!-- Generated by org.testng.reporters.JUnitReportReporter -->
<testsuite ignored="0" hostname="administrator-WSG37555W7-0663" failures="0" tests="1" name="Day7.FakerDataGenerator" time="0.252" errors="0" timestamp="15 Dec 2023 06:49:17 GMT" skipped="0">
  <testcase classname="Day7.FakerDataGenerator" name="textGeneratorDummyData" time="0.252"/>
</testsuite> <!-- Day7.FakerDataGenerator -->
