<?xml version="1.0" encoding="UTF-8"?>
<!-- Generated by org.testng.reporters.JUnitReportReporter -->
<testsuite ignored="0" hostname="administrator-WSG37555W7-0663" failures="0" tests="1" name="Day6.JSONSchemaValidations" time="1.287" errors="0" timestamp="14 Dec 2023 08:26:50 GMT" skipped="0">
  <testcase classname="Day6.JSONSchemaValidations" name="jsonSchemaValidations" time="1.287"/>
</testsuite> <!-- Day6.JSONSchemaValidations -->
