<?xml version="1.0" encoding="UTF-8"?>
<!-- Generated by org.testng.reporters.JUnitReportReporter -->
<testsuite ignored="0" hostname="administrator-WSG37555W7-0663" failures="0" tests="1" name="RestAssured.Header" time="2.837" errors="0" timestamp="13 Dec 2023 12:28:56 GMT" skipped="0">
  <testcase classname="RestAssured.Header" name="headerDemo" time="2.837"/>
</testsuite> <!-- RestAssured.Header -->
