<?xml version="1.0" encoding="UTF-8"?>
<!-- Generated by org.testng.reporters.JUnitReportReporter -->
<testsuite ignored="0" hostname="administrator-WSG37555W7-0663" failures="0" tests="1" name="Day8.UpdateUser" time="0.468" errors="0" timestamp="15 Dec 2023 09:35:36 GMT" skipped="0">
  <testcase classname="Day8.UpdateUser" name="test_UpdateUser" time="0.468"/>
</testsuite> <!-- Day8.UpdateUser -->
