<?xml version="1.0" encoding="UTF-8"?>
<!-- Generated by org.testng.reporters.JUnitReportReporter -->
<testsuite ignored="1" hostname="administrator-WSG37555W7-0663" failures="0" tests="1" name="Day6.SerializationAndDeSerializations" time="0.315" errors="0" timestamp="14 Dec 2023 13:52:53 GMT" skipped="0">
  <testcase classname="Day6.SerializationAndDeSerializations" name="deSerialization" time="0.315"/>
  <testcase classname="Day6.SerializationAndDeSerializations" name="serialization">
    <skipped/>
  </testcase> <!-- serialization -->
</testsuite> <!-- Day6.SerializationAndDeSerializations -->
