<?xml version="1.0" encoding="UTF-8"?>
<!-- Generated by org.testng.reporters.JUnitReportReporter -->
<testsuite ignored="0" hostname="administrator-WSG37555W7-0663" failures="0" tests="1" name="Day8.GetUser" time="0.509" errors="0" timestamp="15 Dec 2023 09:35:36 GMT" skipped="0">
  <testcase classname="Day8.GetUser" name="test_GetUser" time="0.509"/>
</testsuite> <!-- Day8.GetUser -->
