<?xml version="1.0" encoding="UTF-8"?>
<!-- Generated by org.testng.reporters.JUnitReportReporter -->
<testsuite ignored="0" hostname="administrator-WSG37555W7-0663" failures="0" tests="2" name="RestAssured.HTTPrequestDayTwo" time="2.546" errors="0" timestamp="13 Dec 2023 08:19:11 GMT" skipped="0">
  <testcase classname="RestAssured.HTTPrequestDayTwo" name="testExternalJsonDelete" time="0.603"/>
  <testcase classname="RestAssured.HTTPrequestDayTwo" name="testPostusingExternalJsonFile" time="1.943"/>
</testsuite> <!-- RestAssured.HTTPrequestDayTwo -->
