<?xml version="1.0" encoding="UTF-8"?>
<!-- Generated by org.testng.reporters.JUnitReportReporter -->
<testsuite ignored="0" hostname="administrator-WSG37555W7-0663" failures="0" tests="4" name="RestAssured01.HTTPrequest" time="7.603" errors="0" timestamp="12 Dec 2023 13:13:48 GMT" skipped="0">
  <testcase classname="RestAssured01.HTTPrequest" name="getUser" time="2.257"/>
  <testcase classname="RestAssured01.HTTPrequest" name="updateUser" time="2.000"/>
  <testcase classname="RestAssured01.HTTPrequest" name="deleteUser" time="0.533"/>
  <testcase classname="RestAssured01.HTTPrequest" name="createUser" time="2.813"/>
</testsuite> <!-- RestAssured01.HTTPrequest -->
